<?xml version="1.0" encoding="UTF-8"?>
<robot generator="Robot 4.0.3 (Python 3.9.4 on win32)" generated="20210712 11:52:04.533" rpa="false" schemaversion="2">
<suite id="s1" name="Verify Invalid Credential Tests" source="D:\B-Mine\Company\Company\Harman2\OpenEMRApplication\LoginSuite\verify_invalid_credential_tests.robot">
<test id="s1-t1" name="TC1__peter123">
<kw name="Launch Browser" library="common_functionality" type="SETUP">
<doc>This will launch browser
and set implicit wait
Example
| Launch Browser |</doc>
<kw name="Append To Environment Variable" library="OperatingSystem">
<arg>Path</arg>
<arg>${EXECDIR}${/}driver</arg>
<doc>Appends given ``values`` to environment variable ``name``.</doc>
<msg timestamp="20210712 11:52:06.299" level="INFO">Environment variable 'Path' set to value 'D:\B-Mine\Company\Company\Harman2\OpenEMRApplication\venv\Scripts;C:\Program Files\Python39\;C:\WINDOWS\system32;C:\WINDOWS;C:\WINDOWS\System32\Wbem;C:\WINDOWS\System32\WindowsPowerShell\v1.0\;C:\WINDOWS\System32\OpenSSH\;C:\Users\JiDi\AppData\Local\Android\Sdk\platform-tools;C:\Users\JiDi\AppData\Local\Android\Sdk\emulator;C:\Program Files\nodejs\;C:\Components\Maven\apache-maven-3.6.3\bin;C:\Program Files (x86)\Windows Kits\10\Windows Performance Toolkit\;C:\Program Files\Microsoft SQL Server\130\Tools\Binn\;C:\Program Files\Microsoft SQL Server\Client SDK\ODBC\170\Tools\Binn\;C:\Program Files (x86)\Microsoft Visual Studio\2019\Community\Common7\IDE\CommonExtensions\Microsoft\TestWindow;C:\Program Files (x86)\Microsoft Visual Studio\2019\Community\MSBuild\Current\Bin;C:\Program Files\Python39\Scripts;C:\Program Files\dotnet\;C:\Program Files\Git\cmd;C:\Program Files\Java\jdk-11.0.11\bin;C:\Components\CSharp\NUnit.Console-3.12.0\bin\netcoreapp3.1;C:\Users\JiDi\AppData\Roaming\npm;C:\Users\JiDi\AppData\Local\Microsoft\WindowsApps1;C:\Users\JiDi\.dotnet\tools;C:\Users\JiDi\AppData\Local\Programs\Microsoft VS Code\bin;;D:\B-Mine\Company\Company\Harman2\OpenEMRApplication\driver'.</msg>
<status status="PASS" starttime="20210712 11:52:06.298" endtime="20210712 11:52:06.299"/>
</kw>
<kw name="Open Browser" library="SeleniumLibrary">
<arg>browser=${BROWSER}</arg>
<doc>Opens a new browser instance to the optional ``url``.</doc>
<msg timestamp="20210712 11:52:06.300" level="INFO">Opening browser 'gc' to base url 'None'.</msg>
<status status="PASS" starttime="20210712 11:52:06.299" endtime="20210712 11:52:07.965"/>
</kw>
<kw name="Maximize Browser Window" library="SeleniumLibrary">
<doc>Maximizes current browser window.</doc>
<status status="PASS" starttime="20210712 11:52:07.965" endtime="20210712 11:52:08.084"/>
</kw>
<kw name="Set Selenium Implicit Wait" library="SeleniumLibrary">
<arg>30s</arg>
<doc>Sets the implicit wait value used by Selenium.</doc>
<status status="PASS" starttime="20210712 11:52:08.084" endtime="20210712 11:52:08.086"/>
</kw>
<kw name="Go To" library="SeleniumLibrary">
<arg>url=https://demo.openemr.io/b/openemr/index.php</arg>
<doc>Navigates the current browser window to the provided ``url``.</doc>
<msg timestamp="20210712 11:52:08.087" level="INFO">Opening url 'https://demo.openemr.io/b/openemr/index.php'</msg>
<status status="PASS" starttime="20210712 11:52:08.086" endtime="20210712 11:52:10.942"/>
</kw>
<status status="PASS" starttime="20210712 11:52:06.298" endtime="20210712 11:52:10.942"/>
</kw>
<kw name="Verify Invalid Credential Template">
<arg>peter123</arg>
<arg>Dutch</arg>
<arg>Invalid username or password</arg>
<kw name="Enter Username" library="LoginPage">
<arg>${username}</arg>
<doc>This keyword will send username 
Examples: 
| Enter Username | admin |
| Enter Username | accountant |</doc>
<kw name="Input Text" library="SeleniumLibrary">
<arg>${USERNAME_LOCATOR}</arg>
<arg>${username}</arg>
<doc>Types the given ``text`` into the text field identified by ``locator``.</doc>
<msg timestamp="20210712 11:52:10.946" level="INFO">Typing text '' into text field 'id=authUser'.</msg>
<status status="PASS" starttime="20210712 11:52:10.945" endtime="20210712 11:52:11.054"/>
</kw>
<status status="PASS" starttime="20210712 11:52:10.944" endtime="20210712 11:52:11.054"/>
</kw>
<kw name="Enter Password" library="LoginPage">
<arg>${password}</arg>
<doc>This keyword will send password 
Examples: 
| Enter Password | pass |
| Enter Password | accountant |</doc>
<kw name="Input Password" library="SeleniumLibrary">
<arg>${PASSWORD_LOCATOR}</arg>
<arg>${password}</arg>
<doc>Types the given password into the text field identified by ``locator``.</doc>
<msg timestamp="20210712 11:52:11.057" level="INFO">Typing password into text field 'id=clearPass'.</msg>
<msg timestamp="20210712 11:52:11.145" level="INFO">Temporally setting log level to: NONE</msg>
<msg timestamp="20210712 11:52:11.264" level="INFO">Log level changed from NONE to INFO.</msg>
<status status="PASS" starttime="20210712 11:52:11.056" endtime="20210712 11:52:11.264"/>
</kw>
<status status="PASS" starttime="20210712 11:52:11.055" endtime="20210712 11:52:11.264"/>
</kw>
<kw name="Select Language" library="LoginPage">
<arg>${language}</arg>
<doc>This keyword will select dropdown using the text/label 
Examples: 
| Select Language | Dutch |
| Select Language | Danish |</doc>
<kw name="Select From List By Label" library="SeleniumLibrary">
<arg>${LANGUAGE_LOCATOR}</arg>
<arg>${language}</arg>
<doc>Selects options from selection list ``locator`` by ``labels``.</doc>
<msg timestamp="20210712 11:52:11.267" level="INFO">Selecting options from selection list 'name=languageChoice' by label Dutch.</msg>
<status status="PASS" starttime="20210712 11:52:11.266" endtime="20210712 11:52:11.366"/>
</kw>
<status status="PASS" starttime="20210712 11:52:11.265" endtime="20210712 11:52:11.366"/>
</kw>
<kw name="Click Login" library="LoginPage">
<doc>This keyword use to click login button 
Examples: 
| Click Login |</doc>
<kw name="Click Element" library="SeleniumLibrary">
<arg>${LOGIN_LOCATOR}</arg>
<doc>Click the element identified by ``locator``.</doc>
<msg timestamp="20210712 11:52:11.368" level="INFO">Clicking element 'xpath=//button[@type='submit']'.</msg>
<status status="PASS" starttime="20210712 11:52:11.367" endtime="20210712 11:52:12.443"/>
</kw>
<status status="PASS" starttime="20210712 11:52:11.366" endtime="20210712 11:52:12.443"/>
</kw>
<kw name="Validate Invalid Error Message" library="LoginPage">
<arg>${expectedvalue}</arg>
<doc>This keyword will return the invalid credential error message 
Examples: 
| Validate Invalid Error Message |
| Validate Invalid Error Message |</doc>
<kw name="Element Should Contain" library="SeleniumLibrary">
<arg>${ERROR_LOCATOR}</arg>
<arg>${expectedvalue}</arg>
<doc>Verifies that element ``locator`` contains text ``expected``.</doc>
<msg timestamp="20210712 11:52:12.484" level="INFO">Element 'xpath=//div[contains(text(),'Invalid')]' contains text 'Invalid username or password'.</msg>
<status status="PASS" starttime="20210712 11:52:12.444" endtime="20210712 11:52:12.484"/>
</kw>
<status status="PASS" starttime="20210712 11:52:12.443" endtime="20210712 11:52:12.484"/>
</kw>
<kw name="End Browser With ScreenShot" library="common_functionality" type="TEARDOWN">
<kw name="Capture Page Screenshot" library="SeleniumLibrary">
<doc>Takes a screenshot of the current page and embeds it into a log file.</doc>
<msg timestamp="20210712 11:52:12.792" level="INFO" html="true">&lt;/td&gt;&lt;/tr&gt;&lt;tr&gt;&lt;td colspan="3"&gt;&lt;a href="../screenshots/selenium-screenshot-36.png"&gt;&lt;img src="../screenshots/selenium-screenshot-36.png" width="800px"&gt;&lt;/a&gt;</msg>
<status status="PASS" starttime="20210712 11:52:12.486" endtime="20210712 11:52:12.792"/>
</kw>
<kw name="Close Browser" library="SeleniumLibrary">
<doc>Closes the current browser.</doc>
<status status="PASS" starttime="20210712 11:52:12.793" endtime="20210712 11:52:15.248"/>
</kw>
<status status="PASS" starttime="20210712 11:52:12.485" endtime="20210712 11:52:15.249"/>
</kw>
<status status="PASS" starttime="20210712 11:52:10.943" endtime="20210712 11:52:15.249"/>
</kw>
<kw name="End Browser" library="common_functionality" type="TEARDOWN">
<kw name="Close Browser" library="SeleniumLibrary">
<doc>Closes the current browser.</doc>
<status status="PASS" starttime="20210712 11:52:15.264" endtime="20210712 11:52:15.265"/>
</kw>
<status status="PASS" starttime="20210712 11:52:15.263" endtime="20210712 11:52:15.266"/>
</kw>
<status status="PASS" starttime="20210712 11:52:06.293" endtime="20210712 11:52:15.273"/>
</test>
<test id="s1-t2" name="TC1_John_john123">
<kw name="Launch Browser" library="common_functionality" type="SETUP">
<doc>This will launch browser
and set implicit wait
Example
| Launch Browser |</doc>
<kw name="Append To Environment Variable" library="OperatingSystem">
<arg>Path</arg>
<arg>${EXECDIR}${/}driver</arg>
<doc>Appends given ``values`` to environment variable ``name``.</doc>
<msg timestamp="20210712 11:52:15.286" level="INFO">Environment variable 'Path' set to value 'D:\B-Mine\Company\Company\Harman2\OpenEMRApplication\venv\Scripts;C:\Program Files\Python39\;C:\WINDOWS\system32;C:\WINDOWS;C:\WINDOWS\System32\Wbem;C:\WINDOWS\System32\WindowsPowerShell\v1.0\;C:\WINDOWS\System32\OpenSSH\;C:\Users\JiDi\AppData\Local\Android\Sdk\platform-tools;C:\Users\JiDi\AppData\Local\Android\Sdk\emulator;C:\Program Files\nodejs\;C:\Components\Maven\apache-maven-3.6.3\bin;C:\Program Files (x86)\Windows Kits\10\Windows Performance Toolkit\;C:\Program Files\Microsoft SQL Server\130\Tools\Binn\;C:\Program Files\Microsoft SQL Server\Client SDK\ODBC\170\Tools\Binn\;C:\Program Files (x86)\Microsoft Visual Studio\2019\Community\Common7\IDE\CommonExtensions\Microsoft\TestWindow;C:\Program Files (x86)\Microsoft Visual Studio\2019\Community\MSBuild\Current\Bin;C:\Program Files\Python39\Scripts;C:\Program Files\dotnet\;C:\Program Files\Git\cmd;C:\Program Files\Java\jdk-11.0.11\bin;C:\Components\CSharp\NUnit.Console-3.12.0\bin\netcoreapp3.1;C:\Users\JiDi\AppData\Roaming\npm;C:\Users\JiDi\AppData\Local\Microsoft\WindowsApps1;C:\Users\JiDi\.dotnet\tools;C:\Users\JiDi\AppData\Local\Programs\Microsoft VS Code\bin;;D:\B-Mine\Company\Company\Harman2\OpenEMRApplication\driver;D:\B-Mine\Company\Company\Harman2\OpenEMRApplication\driver'.</msg>
<status status="PASS" starttime="20210712 11:52:15.285" endtime="20210712 11:52:15.286"/>
</kw>
<kw name="Open Browser" library="SeleniumLibrary">
<arg>browser=${BROWSER}</arg>
<doc>Opens a new browser instance to the optional ``url``.</doc>
<msg timestamp="20210712 11:52:15.288" level="INFO">Opening browser 'gc' to base url 'None'.</msg>
<status status="PASS" starttime="20210712 11:52:15.287" endtime="20210712 11:52:16.910"/>
</kw>
<kw name="Maximize Browser Window" library="SeleniumLibrary">
<doc>Maximizes current browser window.</doc>
<status status="PASS" starttime="20210712 11:52:16.910" endtime="20210712 11:52:17.047"/>
</kw>
<kw name="Set Selenium Implicit Wait" library="SeleniumLibrary">
<arg>30s</arg>
<doc>Sets the implicit wait value used by Selenium.</doc>
<status status="PASS" starttime="20210712 11:52:17.047" endtime="20210712 11:52:17.048"/>
</kw>
<kw name="Go To" library="SeleniumLibrary">
<arg>url=https://demo.openemr.io/b/openemr/index.php</arg>
<doc>Navigates the current browser window to the provided ``url``.</doc>
<msg timestamp="20210712 11:52:17.049" level="INFO">Opening url 'https://demo.openemr.io/b/openemr/index.php'</msg>
<status status="PASS" starttime="20210712 11:52:17.049" endtime="20210712 11:52:19.841"/>
</kw>
<status status="PASS" starttime="20210712 11:52:15.284" endtime="20210712 11:52:19.841"/>
</kw>
<kw name="Verify Invalid Credential Template">
<arg>John</arg>
<arg>john123</arg>
<arg>English (Indian)</arg>
<arg>Invalid username or password</arg>
<kw name="Enter Username" library="LoginPage">
<arg>${username}</arg>
<doc>This keyword will send username 
Examples: 
| Enter Username | admin |
| Enter Username | accountant |</doc>
<kw name="Input Text" library="SeleniumLibrary">
<arg>${USERNAME_LOCATOR}</arg>
<arg>${username}</arg>
<doc>Types the given ``text`` into the text field identified by ``locator``.</doc>
<msg timestamp="20210712 11:52:19.844" level="INFO">Typing text 'John' into text field 'id=authUser'.</msg>
<status status="PASS" starttime="20210712 11:52:19.843" endtime="20210712 11:52:20.000"/>
</kw>
<status status="PASS" starttime="20210712 11:52:19.842" endtime="20210712 11:52:20.000"/>
</kw>
<kw name="Enter Password" library="LoginPage">
<arg>${password}</arg>
<doc>This keyword will send password 
Examples: 
| Enter Password | pass |
| Enter Password | accountant |</doc>
<kw name="Input Password" library="SeleniumLibrary">
<arg>${PASSWORD_LOCATOR}</arg>
<arg>${password}</arg>
<doc>Types the given password into the text field identified by ``locator``.</doc>
<msg timestamp="20210712 11:52:20.002" level="INFO">Typing password into text field 'id=clearPass'.</msg>
<msg timestamp="20210712 11:52:20.075" level="INFO">Temporally setting log level to: NONE</msg>
<msg timestamp="20210712 11:52:20.159" level="INFO">Log level changed from NONE to INFO.</msg>
<status status="PASS" starttime="20210712 11:52:20.002" endtime="20210712 11:52:20.160"/>
</kw>
<status status="PASS" starttime="20210712 11:52:20.001" endtime="20210712 11:52:20.160"/>
</kw>
<kw name="Select Language" library="LoginPage">
<arg>${language}</arg>
<doc>This keyword will select dropdown using the text/label 
Examples: 
| Select Language | Dutch |
| Select Language | Danish |</doc>
<kw name="Select From List By Label" library="SeleniumLibrary">
<arg>${LANGUAGE_LOCATOR}</arg>
<arg>${language}</arg>
<doc>Selects options from selection list ``locator`` by ``labels``.</doc>
<msg timestamp="20210712 11:52:20.161" level="INFO">Selecting options from selection list 'name=languageChoice' by label English (Indian).</msg>
<status status="PASS" starttime="20210712 11:52:20.160" endtime="20210712 11:52:20.254"/>
</kw>
<status status="PASS" starttime="20210712 11:52:20.160" endtime="20210712 11:52:20.254"/>
</kw>
<kw name="Click Login" library="LoginPage">
<doc>This keyword use to click login button 
Examples: 
| Click Login |</doc>
<kw name="Click Element" library="SeleniumLibrary">
<arg>${LOGIN_LOCATOR}</arg>
<doc>Click the element identified by ``locator``.</doc>
<msg timestamp="20210712 11:52:20.256" level="INFO">Clicking element 'xpath=//button[@type='submit']'.</msg>
<status status="PASS" starttime="20210712 11:52:20.255" endtime="20210712 11:52:21.330"/>
</kw>
<status status="PASS" starttime="20210712 11:52:20.254" endtime="20210712 11:52:21.331"/>
</kw>
<kw name="Validate Invalid Error Message" library="LoginPage">
<arg>${expectedvalue}</arg>
<doc>This keyword will return the invalid credential error message 
Examples: 
| Validate Invalid Error Message |
| Validate Invalid Error Message |</doc>
<kw name="Element Should Contain" library="SeleniumLibrary">
<arg>${ERROR_LOCATOR}</arg>
<arg>${expectedvalue}</arg>
<doc>Verifies that element ``locator`` contains text ``expected``.</doc>
<msg timestamp="20210712 11:52:21.377" level="INFO">Element 'xpath=//div[contains(text(),'Invalid')]' contains text 'Invalid username or password'.</msg>
<status status="PASS" starttime="20210712 11:52:21.332" endtime="20210712 11:52:21.377"/>
</kw>
<status status="PASS" starttime="20210712 11:52:21.331" endtime="20210712 11:52:21.377"/>
</kw>
<kw name="End Browser With ScreenShot" library="common_functionality" type="TEARDOWN">
<kw name="Capture Page Screenshot" library="SeleniumLibrary">
<doc>Takes a screenshot of the current page and embeds it into a log file.</doc>
<msg timestamp="20210712 11:52:21.611" level="INFO" html="true">&lt;/td&gt;&lt;/tr&gt;&lt;tr&gt;&lt;td colspan="3"&gt;&lt;a href="../screenshots/selenium-screenshot-37.png"&gt;&lt;img src="../screenshots/selenium-screenshot-37.png" width="800px"&gt;&lt;/a&gt;</msg>
<status status="PASS" starttime="20210712 11:52:21.378" endtime="20210712 11:52:21.611"/>
</kw>
<kw name="Close Browser" library="SeleniumLibrary">
<doc>Closes the current browser.</doc>
<status status="PASS" starttime="20210712 11:52:21.611" endtime="20210712 11:52:25.247"/>
</kw>
<status status="PASS" starttime="20210712 11:52:21.378" endtime="20210712 11:52:25.249"/>
</kw>
<status status="PASS" starttime="20210712 11:52:19.841" endtime="20210712 11:52:25.249"/>
</kw>
<kw name="End Browser" library="common_functionality" type="TEARDOWN">
<kw name="Close Browser" library="SeleniumLibrary">
<doc>Closes the current browser.</doc>
<status status="PASS" starttime="20210712 11:52:25.254" endtime="20210712 11:52:25.254"/>
</kw>
<status status="PASS" starttime="20210712 11:52:25.252" endtime="20210712 11:52:25.255"/>
</kw>
<status status="PASS" starttime="20210712 11:52:15.277" endtime="20210712 11:52:25.255"/>
</test>
<doc>This suite will handle all the test case related to
the invalid credentails - OEM - 102</doc>
<status status="PASS" starttime="20210712 11:52:04.536" endtime="20210712 11:52:25.258"/>
</suite>
<statistics>
<total>
<stat pass="2" fail="0" skip="0">All Tests</stat>
</total>
<tag>
</tag>
<suite>
<stat pass="2" fail="0" skip="0" id="s1" name="Verify Invalid Credential Tests">Verify Invalid Credential Tests</stat>
</suite>
</statistics>
<errors>
</errors>
</robot>
