<?xml version="1.0" encoding="UTF-8"?>
<robot generator="Robot 4.0.3 (Python 3.9.4 on win32)" generated="20210709 11:36:23.895" rpa="false" schemaversion="2">
<suite id="s1" name="Verify Invalid Credential Tests" source="D:\B-Mine\Company\Company\Harman2\OpenEMRApplication\LoginSuite\verify_invalid_credential_tests.robot">
<test id="s1-t1" name="Verify Invalid Credential Tests">
<kw name="Launch Browser" library="common_functionality" type="SETUP">
<doc>This will launch browser
and set implicit wait
Example
| Launch Browser |</doc>
<kw name="Append To Environment Variable" library="OperatingSystem">
<arg>Path</arg>
<arg>${EXECDIR}${/}driver</arg>
<doc>Appends given ``values`` to environment variable ``name``.</doc>
<msg timestamp="20210709 11:36:24.196" level="INFO">Environment variable 'Path' set to value 'D:\B-Mine\Company\Company\Harman2\OpenEMRApplication\venv\Scripts;C:\Program Files\Python39\;C:\WINDOWS\system32;C:\WINDOWS;C:\WINDOWS\System32\Wbem;C:\WINDOWS\System32\WindowsPowerShell\v1.0\;C:\WINDOWS\System32\OpenSSH\;C:\Users\JiDi\AppData\Local\Android\Sdk\platform-tools;C:\Users\JiDi\AppData\Local\Android\Sdk\emulator;C:\Program Files\nodejs\;C:\Components\Maven\apache-maven-3.6.3\bin;C:\Program Files (x86)\Windows Kits\10\Windows Performance Toolkit\;C:\Program Files\Microsoft SQL Server\130\Tools\Binn\;C:\Program Files\Microsoft SQL Server\Client SDK\ODBC\170\Tools\Binn\;C:\Program Files (x86)\Microsoft Visual Studio\2019\Community\Common7\IDE\CommonExtensions\Microsoft\TestWindow;C:\Program Files (x86)\Microsoft Visual Studio\2019\Community\MSBuild\Current\Bin;C:\Program Files\Python39\Scripts;C:\Program Files\dotnet\;C:\Program Files\Git\cmd;C:\Program Files\Java\jdk-11.0.11\bin;C:\Components\CSharp\NUnit.Console-3.12.0\bin\netcoreapp3.1;C:\Users\JiDi\AppData\Roaming\npm;C:\Users\JiDi\AppData\Local\Microsoft\WindowsApps1;C:\Users\JiDi\.dotnet\tools;C:\Users\JiDi\AppData\Local\Programs\Microsoft VS Code\bin;;D:\B-Mine\Company\Company\Harman2\OpenEMRApplication\driver'.</msg>
<status status="PASS" starttime="20210709 11:36:24.195" endtime="20210709 11:36:24.196"/>
</kw>
<kw name="Open Browser" library="SeleniumLibrary">
<arg>browser=gc</arg>
<doc>Opens a new browser instance to the optional ``url``.</doc>
<msg timestamp="20210709 11:36:24.196" level="INFO">Opening browser 'gc' to base url 'None'.</msg>
<status status="PASS" starttime="20210709 11:36:24.196" endtime="20210709 11:36:27.237"/>
</kw>
<kw name="Maximize Browser Window" library="SeleniumLibrary">
<doc>Maximizes current browser window.</doc>
<status status="PASS" starttime="20210709 11:36:27.238" endtime="20210709 11:36:27.369"/>
</kw>
<kw name="Set Selenium Implicit Wait" library="SeleniumLibrary">
<arg>30s</arg>
<doc>Sets the implicit wait value used by Selenium.</doc>
<status status="PASS" starttime="20210709 11:36:27.370" endtime="20210709 11:36:27.371"/>
</kw>
<kw name="Go To" library="SeleniumLibrary">
<arg>url=https://demo.openemr.io/b/openemr/index.php</arg>
<doc>Navigates the current browser window to the provided ``url``.</doc>
<msg timestamp="20210709 11:36:27.372" level="INFO">Opening url 'https://demo.openemr.io/b/openemr/index.php'</msg>
<status status="PASS" starttime="20210709 11:36:27.371" endtime="20210709 11:36:31.771"/>
</kw>
<status status="PASS" starttime="20210709 11:36:24.195" endtime="20210709 11:36:31.772"/>
</kw>
<kw name="Input Text" library="SeleniumLibrary">
<arg>id=authUser</arg>
<arg>admin123</arg>
<doc>Types the given ``text`` into the text field identified by ``locator``.</doc>
<msg timestamp="20210709 11:36:31.773" level="INFO">Typing text 'admin123' into text field 'id=authUser'.</msg>
<status status="PASS" starttime="20210709 11:36:31.773" endtime="20210709 11:36:31.991"/>
</kw>
<kw name="Input Password" library="SeleniumLibrary">
<arg>id=clearPass</arg>
<arg>pass</arg>
<doc>Types the given password into the text field identified by ``locator``.</doc>
<msg timestamp="20210709 11:36:31.993" level="INFO">Typing password into text field 'id=clearPass'.</msg>
<msg timestamp="20210709 11:36:32.131" level="INFO">Temporally setting log level to: NONE</msg>
<msg timestamp="20210709 11:36:32.208" level="INFO">Log level changed from NONE to INFO.</msg>
<status status="PASS" starttime="20210709 11:36:31.992" endtime="20210709 11:36:32.208"/>
</kw>
<kw name="Select From List By Label" library="SeleniumLibrary">
<arg>name=languageChoice</arg>
<arg>English (Indian)</arg>
<doc>Selects options from selection list ``locator`` by ``labels``.</doc>
<msg timestamp="20210709 11:36:32.209" level="INFO">Selecting options from selection list 'name=languageChoice' by label English (Indian).</msg>
<status status="PASS" starttime="20210709 11:36:32.209" endtime="20210709 11:36:32.335"/>
</kw>
<kw name="Click Element" library="SeleniumLibrary">
<arg>xpath=//button[@type='submit']</arg>
<doc>Click the element identified by ``locator``.</doc>
<msg timestamp="20210709 11:36:32.338" level="INFO">Clicking element 'xpath=//button[@type='submit']'.</msg>
<status status="PASS" starttime="20210709 11:36:32.337" endtime="20210709 11:36:33.435"/>
</kw>
<kw name="Element Should Contain" library="SeleniumLibrary">
<arg>xpath=//div[contains(text(),'Invalid')]</arg>
<arg>Invalid username or password</arg>
<doc>Verifies that element ``locator`` contains text ``expected``.</doc>
<msg timestamp="20210709 11:36:33.492" level="INFO">Element 'xpath=//div[contains(text(),'Invalid')]' contains text 'Invalid username or password'.</msg>
<status status="PASS" starttime="20210709 11:36:33.437" endtime="20210709 11:36:33.492"/>
</kw>
<kw name="End Browser" library="common_functionality" type="TEARDOWN">
<kw name="Close Browser" library="SeleniumLibrary">
<doc>Closes the current browser.</doc>
<status status="PASS" starttime="20210709 11:36:33.494" endtime="20210709 11:36:36.934"/>
</kw>
<status status="PASS" starttime="20210709 11:36:33.493" endtime="20210709 11:36:36.935"/>
</kw>
<status status="PASS" starttime="20210709 11:36:24.194" endtime="20210709 11:36:36.935"/>
</test>
<test id="s1-t2" name="TC2">
<kw name="Launch Browser" library="common_functionality" type="SETUP">
<doc>This will launch browser
and set implicit wait
Example
| Launch Browser |</doc>
<kw name="Append To Environment Variable" library="OperatingSystem">
<arg>Path</arg>
<arg>${EXECDIR}${/}driver</arg>
<doc>Appends given ``values`` to environment variable ``name``.</doc>
<msg timestamp="20210709 11:36:36.938" level="INFO">Environment variable 'Path' set to value 'D:\B-Mine\Company\Company\Harman2\OpenEMRApplication\venv\Scripts;C:\Program Files\Python39\;C:\WINDOWS\system32;C:\WINDOWS;C:\WINDOWS\System32\Wbem;C:\WINDOWS\System32\WindowsPowerShell\v1.0\;C:\WINDOWS\System32\OpenSSH\;C:\Users\JiDi\AppData\Local\Android\Sdk\platform-tools;C:\Users\JiDi\AppData\Local\Android\Sdk\emulator;C:\Program Files\nodejs\;C:\Components\Maven\apache-maven-3.6.3\bin;C:\Program Files (x86)\Windows Kits\10\Windows Performance Toolkit\;C:\Program Files\Microsoft SQL Server\130\Tools\Binn\;C:\Program Files\Microsoft SQL Server\Client SDK\ODBC\170\Tools\Binn\;C:\Program Files (x86)\Microsoft Visual Studio\2019\Community\Common7\IDE\CommonExtensions\Microsoft\TestWindow;C:\Program Files (x86)\Microsoft Visual Studio\2019\Community\MSBuild\Current\Bin;C:\Program Files\Python39\Scripts;C:\Program Files\dotnet\;C:\Program Files\Git\cmd;C:\Program Files\Java\jdk-11.0.11\bin;C:\Components\CSharp\NUnit.Console-3.12.0\bin\netcoreapp3.1;C:\Users\JiDi\AppData\Roaming\npm;C:\Users\JiDi\AppData\Local\Microsoft\WindowsApps1;C:\Users\JiDi\.dotnet\tools;C:\Users\JiDi\AppData\Local\Programs\Microsoft VS Code\bin;;D:\B-Mine\Company\Company\Harman2\OpenEMRApplication\driver;D:\B-Mine\Company\Company\Harman2\OpenEMRApplication\driver'.</msg>
<status status="PASS" starttime="20210709 11:36:36.938" endtime="20210709 11:36:36.938"/>
</kw>
<kw name="Open Browser" library="SeleniumLibrary">
<arg>browser=gc</arg>
<doc>Opens a new browser instance to the optional ``url``.</doc>
<msg timestamp="20210709 11:36:36.939" level="INFO">Opening browser 'gc' to base url 'None'.</msg>
<status status="PASS" starttime="20210709 11:36:36.938" endtime="20210709 11:36:39.731"/>
</kw>
<kw name="Maximize Browser Window" library="SeleniumLibrary">
<doc>Maximizes current browser window.</doc>
<status status="PASS" starttime="20210709 11:36:39.731" endtime="20210709 11:36:39.878"/>
</kw>
<kw name="Set Selenium Implicit Wait" library="SeleniumLibrary">
<arg>30s</arg>
<doc>Sets the implicit wait value used by Selenium.</doc>
<status status="PASS" starttime="20210709 11:36:39.878" endtime="20210709 11:36:39.880"/>
</kw>
<kw name="Go To" library="SeleniumLibrary">
<arg>url=https://demo.openemr.io/b/openemr/index.php</arg>
<doc>Navigates the current browser window to the provided ``url``.</doc>
<msg timestamp="20210709 11:36:39.881" level="INFO">Opening url 'https://demo.openemr.io/b/openemr/index.php'</msg>
<status status="PASS" starttime="20210709 11:36:39.880" endtime="20210709 11:36:43.555"/>
</kw>
<status status="PASS" starttime="20210709 11:36:36.937" endtime="20210709 11:36:43.555"/>
</kw>
<kw name="Click Element" library="SeleniumLibrary">
<arg>//a</arg>
<doc>Click the element identified by ``locator``.</doc>
<msg timestamp="20210709 11:36:43.556" level="INFO">Clicking element '//a'.</msg>
<status status="PASS" starttime="20210709 11:36:43.556" endtime="20210709 11:36:43.752"/>
</kw>
<kw name="End Browser" library="common_functionality" type="TEARDOWN">
<kw name="Close Browser" library="SeleniumLibrary">
<doc>Closes the current browser.</doc>
<status status="PASS" starttime="20210709 11:36:43.754" endtime="20210709 11:36:47.193"/>
</kw>
<status status="PASS" starttime="20210709 11:36:43.753" endtime="20210709 11:36:47.193"/>
</kw>
<status status="PASS" starttime="20210709 11:36:36.937" endtime="20210709 11:36:47.194"/>
</test>
<doc>This suite will handle all the test case related to
the invalid credentails - OEM - 102</doc>
<status status="PASS" starttime="20210709 11:36:23.898" endtime="20210709 11:36:47.197"/>
</suite>
<statistics>
<total>
<stat pass="2" fail="0" skip="0">All Tests</stat>
</total>
<tag>
</tag>
<suite>
<stat pass="2" fail="0" skip="0" id="s1" name="Verify Invalid Credential Tests">Verify Invalid Credential Tests</stat>
</suite>
</statistics>
<errors>
</errors>
</robot>
