<?xml version="1.0" encoding="UTF-8"?>
<robot generator="Robot 4.0.3 (Python 3.9.4 on win32)" generated="20210713 15:00:32.610" rpa="false" schemaversion="2">
<suite id="s1" name="Rb1 Tests &amp; Rb2 Tests">
<suite id="s1-s1" name="Rb1 Tests" source="D:\B-Mine\Company\Company\Harman2\OpenEMRApplication\DemoSuite\rb1_tests.robot">
<test id="s1-s1-t1" name="TC1">
<kw name="Log To Console" library="BuiltIn">
<arg>tc1</arg>
<doc>Logs the given message to the console.</doc>
<status status="PASS" starttime="20210713 15:00:32.648" endtime="20210713 15:00:32.648"/>
</kw>
<tag>alltests</tag>
<tag>dtests</tag>
<tag>tc1</tag>
<status status="PASS" starttime="20210713 15:00:32.647" endtime="20210713 15:00:32.649"/>
</test>
<test id="s1-s1-t2" name="TC2">
<kw name="Log To Console" library="BuiltIn">
<arg>tc2</arg>
<doc>Logs the given message to the console.</doc>
<status status="PASS" starttime="20210713 15:00:32.651" endtime="20210713 15:00:32.651"/>
</kw>
<tag>alltests</tag>
<tag>dtests</tag>
<status status="PASS" starttime="20210713 15:00:32.650" endtime="20210713 15:00:32.652"/>
</test>
<test id="s1-s1-t3" name="TC3">
<kw name="Set Tags" library="BuiltIn">
<arg>tc3</arg>
<arg>tc3.1</arg>
<doc>Adds given ``tags`` for the current test or all tests in a suite.</doc>
<msg timestamp="20210713 15:00:32.654" level="INFO">Set tags 'tc3' and 'tc3.1'.</msg>
<status status="PASS" starttime="20210713 15:00:32.654" endtime="20210713 15:00:32.654"/>
</kw>
<kw name="Log To Console" library="BuiltIn">
<arg>tc3</arg>
<doc>Logs the given message to the console.</doc>
<status status="PASS" starttime="20210713 15:00:32.655" endtime="20210713 15:00:32.655"/>
</kw>
<for flavor="IN">
<var>${tag}</var>
<value>@{TEST TAGS}</value>
<iter>
<var name="${tag}">alltests</var>
<kw name="Log To Console" library="BuiltIn">
<arg>${tag}</arg>
<doc>Logs the given message to the console.</doc>
<status status="PASS" starttime="20210713 15:00:32.656" endtime="20210713 15:00:32.656"/>
</kw>
<status status="PASS" starttime="20210713 15:00:32.656" endtime="20210713 15:00:32.656"/>
</iter>
<iter>
<var name="${tag}">dtests</var>
<kw name="Log To Console" library="BuiltIn">
<arg>${tag}</arg>
<doc>Logs the given message to the console.</doc>
<status status="PASS" starttime="20210713 15:00:32.657" endtime="20210713 15:00:32.658"/>
</kw>
<status status="PASS" starttime="20210713 15:00:32.656" endtime="20210713 15:00:32.658"/>
</iter>
<iter>
<var name="${tag}">tc3</var>
<kw name="Log To Console" library="BuiltIn">
<arg>${tag}</arg>
<doc>Logs the given message to the console.</doc>
<status status="PASS" starttime="20210713 15:00:32.658" endtime="20210713 15:00:32.659"/>
</kw>
<status status="PASS" starttime="20210713 15:00:32.658" endtime="20210713 15:00:32.659"/>
</iter>
<iter>
<var name="${tag}">tc3.1</var>
<kw name="Log To Console" library="BuiltIn">
<arg>${tag}</arg>
<doc>Logs the given message to the console.</doc>
<status status="PASS" starttime="20210713 15:00:32.659" endtime="20210713 15:00:32.660"/>
</kw>
<status status="PASS" starttime="20210713 15:00:32.659" endtime="20210713 15:00:32.660"/>
</iter>
<status status="PASS" starttime="20210713 15:00:32.655" endtime="20210713 15:00:32.660"/>
</for>
<kw name="Remove Tags" library="BuiltIn">
<arg>tc3.1</arg>
<doc>Removes given ``tags`` from the current test or all tests in a suite.</doc>
<msg timestamp="20210713 15:00:32.661" level="INFO">Removed tag 'tc3.1'.</msg>
<status status="PASS" starttime="20210713 15:00:32.660" endtime="20210713 15:00:32.661"/>
</kw>
<tag>alltests</tag>
<tag>dtests</tag>
<tag>tc3</tag>
<status status="PASS" starttime="20210713 15:00:32.653" endtime="20210713 15:00:32.661"/>
</test>
<status status="PASS" starttime="20210713 15:00:32.644" endtime="20210713 15:00:32.663"/>
</suite>
<suite id="s1-s2" name="Rb2 Tests" source="D:\B-Mine\Company\Company\Harman2\OpenEMRApplication\DemoSuite\rb2_tests.robot">
<test id="s1-s2-t1" name="TC21">
<kw name="Log To Console" library="BuiltIn">
<arg>tc21</arg>
<doc>Logs the given message to the console.</doc>
<status status="PASS" starttime="20210713 15:00:32.677" endtime="20210713 15:00:32.677"/>
</kw>
<tag>alltests</tag>
<tag>dtests2</tag>
<status status="PASS" starttime="20210713 15:00:32.674" endtime="20210713 15:00:32.678"/>
</test>
<test id="s1-s2-t2" name="TC22">
<kw name="Log To Console" library="BuiltIn">
<arg>tc22</arg>
<doc>Logs the given message to the console.</doc>
<status status="PASS" starttime="20210713 15:00:32.680" endtime="20210713 15:00:32.680"/>
</kw>
<tag>alltests</tag>
<tag>dtests2</tag>
<status status="PASS" starttime="20210713 15:00:32.679" endtime="20210713 15:00:32.680"/>
</test>
<test id="s1-s2-t3" name="TC23">
<kw name="Log To Console" library="BuiltIn">
<arg>tc23</arg>
<doc>Logs the given message to the console.</doc>
<status status="PASS" starttime="20210713 15:00:32.683" endtime="20210713 15:00:32.683"/>
</kw>
<tag>alltests</tag>
<tag>dtests2</tag>
<status status="PASS" starttime="20210713 15:00:32.682" endtime="20210713 15:00:32.684"/>
</test>
<status status="PASS" starttime="20210713 15:00:32.664" endtime="20210713 15:00:32.685"/>
</suite>
<status status="PASS" starttime="20210713 15:00:32.613" endtime="20210713 15:00:32.687"/>
</suite>
<statistics>
<total>
<stat pass="6" fail="0" skip="0">All Tests</stat>
</total>
<tag>
<stat pass="6" fail="0" skip="0">alltests</stat>
<stat pass="3" fail="0" skip="0">dtests</stat>
<stat pass="3" fail="0" skip="0">dtests2</stat>
<stat pass="1" fail="0" skip="0">tc1</stat>
<stat pass="1" fail="0" skip="0">tc3</stat>
</tag>
<suite>
<stat pass="6" fail="0" skip="0" id="s1" name="Rb1 Tests &amp; Rb2 Tests">Rb1 Tests &amp; Rb2 Tests</stat>
<stat pass="3" fail="0" skip="0" id="s1-s1" name="Rb1 Tests">Rb1 Tests &amp; Rb2 Tests.Rb1 Tests</stat>
<stat pass="3" fail="0" skip="0" id="s1-s2" name="Rb2 Tests">Rb1 Tests &amp; Rb2 Tests.Rb2 Tests</stat>
</suite>
</statistics>
<errors>
</errors>
</robot>
